<?xml version="1.0" encoding="UTF-8"?>
<!-- Generated by org.testng.reporters.JUnitReportReporter -->
<testsuite skipped="0" hostname="Olenas-MacBook-Pro.local" name="scripts.TechGlobalMultipleWindowsTest" tests="2" failures="0" timestamp="2023-01-23T10:51:08 CST" time="52.493" errors="0">
  <testcase name="validateTheAppleLink" time="17.639" classname="scripts.TechGlobalMultipleWindowsTest"/>
  <system-out/>
  <testcase name="validateLinkURLs" time="34.854" classname="scripts.TechGlobalMultipleWindowsTest"/>
  <system-out/>
</testsuite> <!-- scripts.TechGlobalMultipleWindowsTest -->
