<?xml version="1.0" encoding="UTF-8"?>
<!-- Generated by org.testng.reporters.JUnitReportReporter -->
<testsuite skipped="0" hostname="Olenas-MacBook-Pro.local" name="scripts.TechGlobalHeaderTest" tests="1" failures="0" timestamp="2023-01-23T10:51:08 CST" time="9.261" errors="0">
  <testcase name="validateTechGlobalHeaderDropdownOptions" time="9.261" classname="scripts.TechGlobalHeaderTest"/>
  <system-out/>
</testsuite> <!-- scripts.TechGlobalHeaderTest -->
