<?xml version="1.0" encoding="UTF-8"?>
<!-- Generated by org.testng.reporters.JUnitReportReporter -->
<testsuite skipped="0" hostname="Olenas-MacBook-Pro.local" name="scripts.TechGlobalCheckBoxPageTest" tests="2" failures="0" timestamp="2023-01-23T10:51:08 CST" time="35.804" errors="0">
  <testcase name="validateCheckboxes" time="16.193" classname="scripts.TechGlobalCheckBoxPageTest"/>
  <system-out/>
  <testcase name="validatePractice" time="19.611" classname="scripts.TechGlobalCheckBoxPageTest"/>
  <system-out/>
</testsuite> <!-- scripts.TechGlobalCheckBoxPageTest -->
