<?xml version="1.0" encoding="UTF-8"?>
<!-- Generated by org.testng.reporters.JUnitReportReporter -->
<testsuite skipped="0" hostname="Olenas-MacBook-Pro.local" name="scripts.TechGlobalDropdownsTest" tests="4" failures="0" timestamp="2023-01-23T10:51:08 CST" time="55.348" errors="0">
  <testcase name="selectDeliveryOption" time="12.614" classname="scripts.TechGlobalDropdownsTest"/>
  <system-out/>
  <testcase name="selectProductOption" time="11.303" classname="scripts.TechGlobalDropdownsTest"/>
  <system-out/>
  <testcase name="selectColorOption" time="16.185" classname="scripts.TechGlobalDropdownsTest"/>
  <system-out/>
  <testcase name="validateTheItemSelected" time="15.246" classname="scripts.TechGlobalDropdownsTest"/>
  <system-out/>
</testsuite> <!-- scripts.TechGlobalDropdownsTest -->
